<?xml version="1.0" encoding="UTF-8"?>
<testsuite name="com.aula04.banco.banco.service.ClienteServiceTest" tests="1" skipped="0" failures="0" errors="0" timestamp="2022-03-13T22:18:04" hostname="NOTEBOOK-2" time="0.897">
  <properties/>
  <testcase name="cadastraCliente()" classname="com.aula04.banco.banco.service.ClienteServiceTest" time="0.897"/>
  <system-out><![CDATA[]]></system-out>
  <system-err><![CDATA[]]></system-err>
</testsuite>
